\BOOKMARK [1][-]{section.1}{\376\377\000I\000n\000t\000r\000o\000d\000u\000c\000t\000i\000o\000n}{}% 1
\BOOKMARK [1][-]{section.2}{\376\377\000R\000e\000l\000a\000t\000e\000d\000\040\000w\000o\000r\000k}{}% 2
\BOOKMARK [2][-]{subsection.2.1}{\376\377\000C\000o\000n\000t\000e\000n\000t\000\040\000s\000c\000a\000n\000n\000i\000n\000g\000\040\000a\000g\000l\000o\000r\000i\000t\000h\000m\000s}{section.2}% 3
\BOOKMARK [3][-]{subsubsection.2.1.1}{\376\377\000H\000a\000s\000h\000-\000b\000a\000s\000e\000d\000\040\000d\000e\000t\000e\000c\000t\000i\000o\000n}{subsection.2.1}% 4
\BOOKMARK [3][-]{subsubsection.2.1.2}{\376\377\000M\000L\000-\000b\000a\000s\000e\000d\000\040\000d\000e\000t\000e\000c\000t\000i\000o\000n}{subsection.2.1}% 5
\BOOKMARK [2][-]{subsection.2.2}{\376\377\000C\000o\000n\000t\000e\000n\000t\000\040\000s\000c\000a\000n\000n\000i\000n\000g\000\040\000d\000e\000p\000l\000o\000y\000m\000e\000n\000t}{section.2}% 6
\BOOKMARK [2][-]{subsection.2.3}{\376\377\000D\000i\000g\000i\000t\000a\000l\000\040\000p\000r\000i\000v\000a\000c\000y\000\040\000a\000n\000d\000\040\000g\000e\000n\000e\000r\000a\000l\000\040\000m\000o\000n\000i\000t\000o\000r\000i\000n\000g\000\040\000i\000n\000\040\000t\000h\000e\000\040\000E\000U}{section.2}% 7
\BOOKMARK [3][-]{subsubsection.2.3.1}{\376\377\000E\000U\000\040\000C\000h\000a\000r\000t\000e\000r\000\040\000o\000f\000\040\000F\000u\000n\000d\000a\000m\000e\000n\000t\000a\000l\000\040\000R\000i\000g\000h\000t\000s}{subsection.2.3}% 8
\BOOKMARK [3][-]{subsubsection.2.3.2}{\376\377\000G\000e\000n\000e\000r\000a\000l\000\040\000D\000a\000t\000a\000\040\000P\000r\000o\000t\000e\000c\000t\000i\000o\000n\000\040\000R\000e\000g\000u\000l\000a\000t\000i\000o\000n\000\040\000-\000\040\0002\0000\0001\0006\000/\0006\0007\0009}{subsection.2.3}% 9
\BOOKMARK [3][-]{subsubsection.2.3.3}{\376\377\000e\000P\000r\000i\000v\000a\000c\000y\000\040\000D\000i\000r\000e\000c\000t\000i\000v\000e\000\040\000-\000\040\0002\0000\0000\0002\000/\0005\0008\000/\000E\000C}{subsection.2.3}% 10
\BOOKMARK [3][-]{subsubsection.2.3.4}{\376\377\000I\000n\000t\000e\000r\000i\000m\000\040\000R\000e\000g\000u\000l\000a\000t\000i\000o\000n\000\040\000-\000\040\0002\0000\0002\0001\000/\0001\0002\0003\0002}{subsection.2.3}% 11
\BOOKMARK [2][-]{subsection.2.4}{\376\377\000C\000S\000A\000M\000\040\000p\000r\000o\000p\000o\000s\000a\000l\000\040\000-\000\040\0002\0000\0002\0002\000/\0000\0001\0005\0005\000\040\000\050\000C\000O\000D\000\051}{section.2}% 12
\BOOKMARK [1][-]{section.3}{\376\377\000M\000e\000t\000h\000o\000d\000o\000l\000o\000g\000y}{}% 13
\BOOKMARK [1][-]{section.4}{\376\377\000F\000i\000n\000d\000i\000n\000g\000s}{}% 14
\BOOKMARK [2][-]{subsection.4.1}{\376\377\000T\000e\000c\000h\000n\000i\000c\000a\000l\000\040\000e\000v\000a\000l\000u\000a\000t\000i\000o\000n\000\040\000o\000f\000\040\000t\000h\000e\000\040\000p\000r\000o\000p\000o\000s\000a\000l\000\040\000s\000u\000i\000t\000a\000b\000i\000l\000i\000t\000y}{section.4}% 15
\BOOKMARK [3][-]{subsubsection.4.1.1}{\376\377\000D\000e\000t\000e\000c\000t\000i\000o\000n\000\040\000o\000f\000\040\000k\000n\000o\000w\000n\000\040\000C\000S\000A\000M}{subsection.4.1}% 16
\BOOKMARK [3][-]{subsubsection.4.1.2}{\376\377\000D\000e\000t\000e\000c\000t\000i\000o\000n\000\040\000o\000f\000\040\000u\000n\000k\000n\000o\000w\000n\000\040\000C\000S\000A\000M}{subsection.4.1}% 17
\BOOKMARK [3][-]{subsubsection.4.1.3}{\376\377\000S\000e\000x\000u\000a\000l\000\040\000s\000o\000l\000i\000c\000i\000t\000a\000t\000i\000o\000n\000\040\000o\000f\000\040\000c\000h\000i\000l\000d\000r\000e\000n}{subsection.4.1}% 18
\BOOKMARK [3][-]{subsubsection.4.1.4}{\376\377\000A\000v\000o\000i\000d\000i\000n\000g\000\040\000d\000e\000t\000e\000c\000t\000i\000o\000n\000\040\000d\000u\000r\000i\000n\000g\000\040\000C\000S\000A\000M\000\040\000s\000h\000a\000r\000i\000n\000g}{subsection.4.1}% 19
\BOOKMARK [2][-]{subsection.4.2}{\376\377\000R\000e\000l\000e\000v\000a\000n\000t\000\040\000E\000C\000H\000R\000\040\000C\000a\000s\000e\000s}{section.4}% 20
\BOOKMARK [3][-]{subsubsection.4.2.1}{\376\377\000B\000i\000g\000\040\000B\000r\000o\000t\000h\000e\000r\000\040\000e\000t\000\040\000a\000l\000.\000\040\000v\000.\000\040\000t\000h\000e\000\040\000U\000n\000i\000t\000e\000d\000\040\000K\000i\000n\000g\000d\000o\000m}{subsection.4.2}% 21
\BOOKMARK [1][-]{section.5}{\376\377\000D\000i\000s\000c\000u\000s\000s\000i\000o\000n}{}% 22
\BOOKMARK [1][-]{section.6}{\376\377\000C\000o\000n\000c\000l\000u\000s\000i\000o\000n}{}% 23
